<?xml version="1.0" encoding="UTF-8"?>
<!-- Generated by org.testng.reporters.JUnitReportReporter -->
<testsuite hostname="abdulraheemPC" failures="0" tests="4" name="loginPage.myTestCases" time="15.640" errors="0" timestamp="2025-07-14T21:18:12 EET" skipped="1">
  <testcase classname="loginPage.myTestCases" name="Signup" time="10.247"/>
  <testcase classname="loginPage.myTestCases" name="Logout" time="1.917"/>
  <testcase classname="loginPage.myTestCases" name="Login" time="3.476"/>
  <testcase classname="loginPage.myTestCases" name="AddtoCart">
    <skipped/>
  </testcase> <!-- AddtoCart -->
</testsuite> <!-- loginPage.myTestCases -->
