<?xml version="1.0" encoding="UTF-8"?>
<!-- Generated by org.testng.reporters.JUnitReportReporter -->
<testsuite hostname="DESKTOP-J6DA9UM" failures="0" tests="4" name="tests.UserTests" time="27.372" errors="0" timestamp="2025-07-23T10:23:02 GMT+03:00" skipped="0">
  <testcase classname="tests.UserTests" name="testSignup" time="10.446"/>
  <testcase classname="tests.UserTests" name="testLogout" time="3.287"/>
  <testcase classname="tests.UserTests" name="testLogin" time="3.299"/>
  <testcase classname="tests.UserTests" name="testAddToCartAndCheckout" time="10.340"/>
</testsuite> <!-- tests.UserTests -->
